2024-11-10 10:51:30,575 - app_logger - INFO - Create directory: D:\Files\OneDrive\Codes\PyCharmProjects\NLP_exp_2\src\model_hub\chinese-bert-wwm-ext
2024-11-10 10:53:25,389 - app_logger - INFO - Create directory: D:\Files\OneDrive\Codes\PyCharmProjects\NLP_exp_2\src\model_hub\chinese-bert-wwm-ext
2024-11-10 10:58:39,553 - app_logger - INFO - Create directory: D:\Files\OneDrive\Codes\PyCharmProjects\NLP_exp_2\output\pre_data
2024-11-10 11:00:36,206 - app_logger - INFO - Create directory: D:\Files\OneDrive\Codes\PyCharmProjects\NLP_exp_2\output\pre_data
2024-11-10 11:10:45,585 - app_logger - INFO - ¡¾train¡¿1/3 1/6042 loss:95.08431243896484
2024-11-10 11:11:04,152 - app_logger - INFO - ¡¾train¡¿1/3 2/6042 loss:106.93114471435547
2024-11-10 11:11:21,446 - app_logger - INFO - ¡¾train¡¿1/3 3/6042 loss:100.12415313720703
2024-11-12 13:29:37,578 - app_logger - INFO - Bert_dir: D:\Files\OneDrive\Codes\PyCharmProjects\NLP_exp_2 _large\model_hub\chinese_roberta_wwm_large_ext_pytorch
2024-11-12 13:31:23,346 - app_logger - INFO - Create directory: D:\Files\OneDrive\Codes\PyCharmProjects\NLP_exp_2 _large\output\pre_data
2024-11-12 13:31:23,860 - app_logger - INFO - Bert_dir: D:\Files\OneDrive\Codes\PyCharmProjects\NLP_exp_2 _large\model_hub\chinese_roberta_wwm_large_ext_pytorch
2024-11-12 14:33:14,177 - app_logger - INFO - BertConfig {
  "attention_probs_dropout_prob": 0.1,
  "classifier_dropout": null,
  "hidden_act": "gelu",
  "hidden_dropout_prob": 0.1,
  "hidden_size": 768,
  "initializer_range": 0.02,
  "intermediate_size": 3072,
  "layer_norm_eps": 1e-12,
  "max_position_embeddings": 512,
  "model_type": "bert",
  "num_attention_heads": 12,
  "num_hidden_layers": 12,
  "pad_token_id": 0,
  "position_embedding_type": "absolute",
  "transformers_version": "4.46.2",
  "type_vocab_size": 2,
  "use_cache": true,
  "vocab_size": 30522
}

2024-11-12 15:24:02,156 - app_logger - INFO - BertConfig {
  "architectures": [
    "BertForMaskedLM"
  ],
  "attention_probs_dropout_prob": 0.1,
  "bos_token_id": 0,
  "classifier_dropout": null,
  "directionality": "bidi",
  "eos_token_id": 2,
  "hidden_act": "gelu",
  "hidden_dropout_prob": 0.1,
  "hidden_size": 1024,
  "initializer_range": 0.02,
  "intermediate_size": 4096,
  "layer_norm_eps": 1e-12,
  "max_position_embeddings": 512,
  "model_type": "bert",
  "num_attention_heads": 16,
  "num_hidden_layers": 24,
  "output_past": true,
  "pad_token_id": 0,
  "pooler_fc_size": 768,
  "pooler_num_attention_heads": 12,
  "pooler_num_fc_layers": 3,
  "pooler_size_per_head": 128,
  "pooler_type": "first_token_transform",
  "position_embedding_type": "absolute",
  "transformers_version": "4.27.4",
  "type_vocab_size": 2,
  "use_cache": true,
  "vocab_size": 21128
}

2024-11-12 15:25:44,414 - app_logger - INFO - ¡¾train¡¿1/20 1/15120 loss:116.63031005859375
2024-11-12 15:27:42,073 - app_logger - INFO - ¡¾train¡¿1/20 2/15120 loss:112.39572143554688
2024-11-12 15:32:16,678 - app_logger - INFO - ¡¾train¡¿1/20 1/15120 loss:107.85575866699219
2024-11-12 15:33:23,871 - app_logger - INFO - ¡¾train¡¿1/20 1/15120 loss:127.6492919921875
2024-11-12 15:34:38,548 - app_logger - INFO - ¡¾train¡¿1/20 1/20140 loss:141.94430541992188
2024-11-12 15:34:46,716 - app_logger - INFO - ¡¾train¡¿1/20 2/20140 loss:141.26670837402344
2024-11-12 15:34:54,921 - app_logger - INFO - ¡¾train¡¿1/20 3/20140 loss:112.30998229980469
2024-11-12 15:35:03,080 - app_logger - INFO - ¡¾train¡¿1/20 4/20140 loss:100.75414276123047
2024-11-12 15:35:11,267 - app_logger - INFO - ¡¾train¡¿1/20 5/20140 loss:152.22882080078125
2024-11-12 15:35:19,774 - app_logger - INFO - ¡¾train¡¿1/20 6/20140 loss:83.67797088623047
2024-11-12 15:35:28,140 - app_logger - INFO - ¡¾train¡¿1/20 7/20140 loss:128.24755859375
2024-11-12 15:35:36,482 - app_logger - INFO - ¡¾train¡¿1/20 8/20140 loss:118.38371276855469
2024-11-12 15:36:07,517 - app_logger - INFO - ¡¾train¡¿1/20 9/20140 loss:95.27153778076172
2024-11-12 15:36:27,672 - app_logger - INFO - ¡¾train¡¿1/20 10/20140 loss:90.84725189208984
2024-11-12 15:36:47,385 - app_logger - INFO - ¡¾train¡¿1/20 11/20140 loss:115.09498596191406
2024-11-12 15:37:04,794 - app_logger - INFO - ¡¾train¡¿1/20 12/20140 loss:154.203857421875
2024-11-12 15:37:21,208 - app_logger - INFO - ¡¾train¡¿1/20 13/20140 loss:146.48001098632812
2024-11-12 15:37:29,491 - app_logger - INFO - ¡¾train¡¿1/20 14/20140 loss:116.6866683959961
2024-11-12 15:37:37,512 - app_logger - INFO - ¡¾train¡¿1/20 15/20140 loss:106.0595932006836
2024-11-12 15:37:45,903 - app_logger - INFO - ¡¾train¡¿1/20 16/20140 loss:108.05276489257812
2024-11-12 15:37:54,514 - app_logger - INFO - ¡¾train¡¿1/20 17/20140 loss:134.10813903808594
2024-11-12 15:38:02,870 - app_logger - INFO - ¡¾train¡¿1/20 18/20140 loss:106.57268524169922
2024-11-12 15:38:11,551 - app_logger - INFO - ¡¾train¡¿1/20 19/20140 loss:143.4112091064453
2024-11-12 15:38:20,187 - app_logger - INFO - ¡¾train¡¿1/20 20/20140 loss:107.39305114746094
2024-11-12 15:38:28,619 - app_logger - INFO - ¡¾train¡¿1/20 21/20140 loss:103.82037353515625
2024-11-12 15:38:36,876 - app_logger - INFO - ¡¾train¡¿1/20 22/20140 loss:118.47491455078125
2024-11-12 15:38:45,253 - app_logger - INFO - ¡¾train¡¿1/20 23/20140 loss:82.92792510986328
2024-11-12 15:38:53,515 - app_logger - INFO - ¡¾train¡¿1/20 24/20140 loss:96.15471649169922
2024-11-12 15:39:01,609 - app_logger - INFO - ¡¾train¡¿1/20 25/20140 loss:161.6285400390625
2024-11-12 15:39:09,729 - app_logger - INFO - ¡¾train¡¿1/20 26/20140 loss:101.3284912109375
2024-11-12 15:39:17,969 - app_logger - INFO - ¡¾train¡¿1/20 27/20140 loss:100.986572265625
2024-11-12 15:39:26,110 - app_logger - INFO - ¡¾train¡¿1/20 28/20140 loss:108.22859954833984
2024-11-12 15:39:34,359 - app_logger - INFO - ¡¾train¡¿1/20 29/20140 loss:126.08663177490234
2024-11-12 15:39:42,568 - app_logger - INFO - ¡¾train¡¿1/20 30/20140 loss:102.890869140625
2024-11-12 15:39:50,684 - app_logger - INFO - ¡¾train¡¿1/20 31/20140 loss:114.4632568359375
2024-11-12 15:39:58,802 - app_logger - INFO - ¡¾train¡¿1/20 32/20140 loss:110.88717651367188
2024-11-12 15:40:07,197 - app_logger - INFO - ¡¾train¡¿1/20 33/20140 loss:119.22288513183594
2024-11-12 15:40:15,516 - app_logger - INFO - ¡¾train¡¿1/20 34/20140 loss:117.59679412841797
2024-11-12 15:40:23,746 - app_logger - INFO - ¡¾train¡¿1/20 35/20140 loss:105.8788070678711
2024-11-12 15:40:31,926 - app_logger - INFO - ¡¾train¡¿1/20 36/20140 loss:106.20458221435547
2024-11-12 15:40:40,302 - app_logger - INFO - ¡¾train¡¿1/20 37/20140 loss:66.45268249511719
2024-11-12 15:40:48,515 - app_logger - INFO - ¡¾train¡¿1/20 38/20140 loss:109.52874755859375
2024-11-12 15:40:56,765 - app_logger - INFO - ¡¾train¡¿1/20 39/20140 loss:106.25606536865234
2024-11-12 15:41:04,787 - app_logger - INFO - ¡¾train¡¿1/20 40/20140 loss:111.44047546386719
2024-11-12 15:41:13,056 - app_logger - INFO - ¡¾train¡¿1/20 41/20140 loss:131.3209228515625
2024-11-12 15:41:21,435 - app_logger - INFO - ¡¾train¡¿1/20 42/20140 loss:106.75484466552734
2024-11-12 15:41:29,780 - app_logger - INFO - ¡¾train¡¿1/20 43/20140 loss:94.30458068847656
2024-11-12 15:41:38,385 - app_logger - INFO - ¡¾train¡¿1/20 44/20140 loss:117.9305419921875
2024-11-12 15:41:46,969 - app_logger - INFO - ¡¾train¡¿1/20 45/20140 loss:81.72936248779297
2024-11-12 15:41:55,302 - app_logger - INFO - ¡¾train¡¿1/20 46/20140 loss:116.95684814453125
2024-11-12 15:42:03,485 - app_logger - INFO - ¡¾train¡¿1/20 47/20140 loss:96.45330047607422
2024-11-12 15:42:11,880 - app_logger - INFO - ¡¾train¡¿1/20 48/20140 loss:74.31681060791016
2024-11-12 15:42:20,253 - app_logger - INFO - ¡¾train¡¿1/20 49/20140 loss:84.2885971069336
2024-11-12 15:42:28,471 - app_logger - INFO - ¡¾train¡¿1/20 50/20140 loss:85.59115600585938
2024-11-12 15:42:37,075 - app_logger - INFO - ¡¾train¡¿1/20 51/20140 loss:99.46459197998047
2024-11-12 15:42:45,396 - app_logger - INFO - ¡¾train¡¿1/20 52/20140 loss:106.81010437011719
2024-11-12 15:42:53,661 - app_logger - INFO - ¡¾train¡¿1/20 53/20140 loss:105.79634857177734
2024-11-12 15:43:01,992 - app_logger - INFO - ¡¾train¡¿1/20 54/20140 loss:117.10369873046875
2024-11-12 15:43:10,398 - app_logger - INFO - ¡¾train¡¿1/20 55/20140 loss:81.47663879394531
2024-11-12 15:43:18,752 - app_logger - INFO - ¡¾train¡¿1/20 56/20140 loss:94.10514831542969
2024-11-12 15:43:26,935 - app_logger - INFO - ¡¾train¡¿1/20 57/20140 loss:92.99021911621094
2024-11-12 15:43:35,331 - app_logger - INFO - ¡¾train¡¿1/20 58/20140 loss:80.48654174804688
2024-11-12 15:43:43,446 - app_logger - INFO - ¡¾train¡¿1/20 59/20140 loss:92.3488998413086
2024-11-12 15:43:51,745 - app_logger - INFO - ¡¾train¡¿1/20 60/20140 loss:111.0611801147461
2024-11-12 15:44:00,101 - app_logger - INFO - ¡¾train¡¿1/20 61/20140 loss:74.02426147460938
2024-11-12 15:44:08,450 - app_logger - INFO - ¡¾train¡¿1/20 62/20140 loss:60.16059875488281
2024-11-12 15:44:16,789 - app_logger - INFO - ¡¾train¡¿1/20 63/20140 loss:81.18026733398438
2024-11-12 15:44:25,173 - app_logger - INFO - ¡¾train¡¿1/20 64/20140 loss:74.54369354248047
2024-11-12 15:44:33,449 - app_logger - INFO - ¡¾train¡¿1/20 65/20140 loss:52.82462692260742
2024-11-12 15:44:41,657 - app_logger - INFO - ¡¾train¡¿1/20 66/20140 loss:94.91575622558594
2024-11-12 15:44:49,929 - app_logger - INFO - ¡¾train¡¿1/20 67/20140 loss:62.02155685424805
2024-11-12 15:44:58,308 - app_logger - INFO - ¡¾train¡¿1/20 68/20140 loss:55.920379638671875
2024-11-12 15:45:06,758 - app_logger - INFO - ¡¾train¡¿1/20 69/20140 loss:70.28227996826172
2024-11-12 15:45:15,074 - app_logger - INFO - ¡¾train¡¿1/20 70/20140 loss:71.5066146850586
2024-11-12 15:45:23,381 - app_logger - INFO - ¡¾train¡¿1/20 71/20140 loss:59.49622344970703
2024-11-12 15:45:31,650 - app_logger - INFO - ¡¾train¡¿1/20 72/20140 loss:59.12413024902344
2024-11-12 15:45:39,864 - app_logger - INFO - ¡¾train¡¿1/20 73/20140 loss:59.01194763183594
2024-11-12 15:45:48,259 - app_logger - INFO - ¡¾train¡¿1/20 74/20140 loss:54.9024658203125
2024-11-12 15:45:56,622 - app_logger - INFO - ¡¾train¡¿1/20 75/20140 loss:61.569061279296875
2024-11-12 15:46:04,795 - app_logger - INFO - ¡¾train¡¿1/20 76/20140 loss:67.29534912109375
2024-11-12 15:46:13,004 - app_logger - INFO - ¡¾train¡¿1/20 77/20140 loss:49.10131072998047
2024-11-12 15:46:21,348 - app_logger - INFO - ¡¾train¡¿1/20 78/20140 loss:54.53208541870117
2024-11-12 15:46:29,623 - app_logger - INFO - ¡¾train¡¿1/20 79/20140 loss:55.80093002319336
2024-11-12 15:46:37,914 - app_logger - INFO - ¡¾train¡¿1/20 80/20140 loss:81.64212036132812
2024-11-12 15:46:46,227 - app_logger - INFO - ¡¾train¡¿1/20 81/20140 loss:51.939910888671875
2024-11-12 15:46:54,298 - app_logger - INFO - ¡¾train¡¿1/20 82/20140 loss:51.71104049682617
2024-11-12 15:47:02,480 - app_logger - INFO - ¡¾train¡¿1/20 83/20140 loss:54.380794525146484
2024-11-12 15:47:10,831 - app_logger - INFO - ¡¾train¡¿1/20 84/20140 loss:65.18165588378906
2024-11-12 15:47:19,003 - app_logger - INFO - ¡¾train¡¿1/20 85/20140 loss:50.726280212402344
2024-11-12 15:47:27,326 - app_logger - INFO - ¡¾train¡¿1/20 86/20140 loss:65.22798919677734
2024-11-12 15:47:35,629 - app_logger - INFO - ¡¾train¡¿1/20 87/20140 loss:41.32867431640625
2024-11-12 15:47:43,849 - app_logger - INFO - ¡¾train¡¿1/20 88/20140 loss:56.82001876831055
2024-11-12 15:47:52,108 - app_logger - INFO - ¡¾train¡¿1/20 89/20140 loss:59.62275314331055
2024-11-12 15:48:00,318 - app_logger - INFO - ¡¾train¡¿1/20 90/20140 loss:43.180694580078125
2024-11-12 15:48:08,760 - app_logger - INFO - ¡¾train¡¿1/20 91/20140 loss:63.52364730834961
2024-11-12 15:48:17,042 - app_logger - INFO - ¡¾train¡¿1/20 92/20140 loss:48.580101013183594
2024-11-12 15:48:25,235 - app_logger - INFO - ¡¾train¡¿1/20 93/20140 loss:63.417137145996094
2024-11-12 15:48:33,546 - app_logger - INFO - ¡¾train¡¿1/20 94/20140 loss:41.35374450683594
2024-11-12 15:48:41,865 - app_logger - INFO - ¡¾train¡¿1/20 95/20140 loss:45.91412353515625
2024-11-12 15:48:50,224 - app_logger - INFO - ¡¾train¡¿1/20 96/20140 loss:47.62664794921875
2024-11-12 15:48:58,303 - app_logger - INFO - ¡¾train¡¿1/20 97/20140 loss:43.52375030517578
2024-11-12 15:49:06,660 - app_logger - INFO - ¡¾train¡¿1/20 98/20140 loss:56.040435791015625
2024-11-12 15:49:14,992 - app_logger - INFO - ¡¾train¡¿1/20 99/20140 loss:48.16416549682617
2024-11-12 15:49:23,090 - app_logger - INFO - ¡¾train¡¿1/20 100/20140 loss:60.35590744018555
2024-11-12 15:49:31,367 - app_logger - INFO - ¡¾train¡¿1/20 101/20140 loss:46.79928207397461
2024-11-12 15:49:39,776 - app_logger - INFO - ¡¾train¡¿1/20 102/20140 loss:47.77876281738281
2024-11-12 15:49:48,055 - app_logger - INFO - ¡¾train¡¿1/20 103/20140 loss:55.96924591064453
2024-11-12 15:49:56,222 - app_logger - INFO - ¡¾train¡¿1/20 104/20140 loss:47.57474899291992
2024-11-12 15:50:04,423 - app_logger - INFO - ¡¾train¡¿1/20 105/20140 loss:44.87763214111328
2024-11-12 15:50:12,583 - app_logger - INFO - ¡¾train¡¿1/20 106/20140 loss:45.57477569580078
2024-11-12 15:50:20,918 - app_logger - INFO - ¡¾train¡¿1/20 107/20140 loss:53.250343322753906
2024-11-12 15:50:29,254 - app_logger - INFO - ¡¾train¡¿1/20 108/20140 loss:54.84100341796875
2024-11-12 15:50:37,464 - app_logger - INFO - ¡¾train¡¿1/20 109/20140 loss:55.733116149902344
2024-11-12 15:50:45,817 - app_logger - INFO - ¡¾train¡¿1/20 110/20140 loss:60.805419921875
2024-11-12 15:50:53,993 - app_logger - INFO - ¡¾train¡¿1/20 111/20140 loss:61.81808090209961
2024-11-12 15:51:02,108 - app_logger - INFO - ¡¾train¡¿1/20 112/20140 loss:33.049644470214844
2024-11-12 15:51:10,396 - app_logger - INFO - ¡¾train¡¿1/20 113/20140 loss:37.57361602783203
2024-11-12 15:51:18,683 - app_logger - INFO - ¡¾train¡¿1/20 114/20140 loss:46.29600143432617
2024-11-12 15:51:26,997 - app_logger - INFO - ¡¾train¡¿1/20 115/20140 loss:70.85137939453125
2024-11-12 15:51:35,266 - app_logger - INFO - ¡¾train¡¿1/20 116/20140 loss:43.23420715332031
2024-11-12 15:51:43,431 - app_logger - INFO - ¡¾train¡¿1/20 117/20140 loss:49.63341522216797
2024-11-12 15:51:51,808 - app_logger - INFO - ¡¾train¡¿1/20 118/20140 loss:57.669429779052734
2024-11-12 15:51:59,905 - app_logger - INFO - ¡¾train¡¿1/20 119/20140 loss:45.456199645996094
2024-11-12 15:52:09,716 - app_logger - INFO - ¡¾train¡¿1/20 120/20140 loss:49.169525146484375
2024-11-12 15:52:20,553 - app_logger - INFO - ¡¾train¡¿1/20 121/20140 loss:52.51212692260742
2024-11-12 15:52:31,519 - app_logger - INFO - ¡¾train¡¿1/20 122/20140 loss:43.5301513671875
2024-11-12 15:52:42,074 - app_logger - INFO - ¡¾train¡¿1/20 123/20140 loss:38.451114654541016
2024-11-12 15:52:50,332 - app_logger - INFO - ¡¾train¡¿1/20 124/20140 loss:54.66990661621094
2024-11-12 15:52:58,663 - app_logger - INFO - ¡¾train¡¿1/20 125/20140 loss:52.76798629760742
2024-11-12 15:53:07,005 - app_logger - INFO - ¡¾train¡¿1/20 126/20140 loss:47.62364959716797
2024-11-12 15:53:15,345 - app_logger - INFO - ¡¾train¡¿1/20 127/20140 loss:52.501068115234375
2024-11-12 15:53:23,464 - app_logger - INFO - ¡¾train¡¿1/20 128/20140 loss:45.529296875
2024-11-12 15:53:31,721 - app_logger - INFO - ¡¾train¡¿1/20 129/20140 loss:37.02875518798828
2024-11-12 15:53:40,008 - app_logger - INFO - ¡¾train¡¿1/20 130/20140 loss:44.000022888183594
2024-11-12 15:53:48,322 - app_logger - INFO - ¡¾train¡¿1/20 131/20140 loss:41.71973419189453
2024-11-12 15:53:56,574 - app_logger - INFO - ¡¾train¡¿1/20 132/20140 loss:26.167659759521484
2024-11-12 15:54:04,916 - app_logger - INFO - ¡¾train¡¿1/20 133/20140 loss:29.68893051147461
2024-11-12 15:54:13,074 - app_logger - INFO - ¡¾train¡¿1/20 134/20140 loss:39.543296813964844
2024-11-12 15:54:21,663 - app_logger - INFO - ¡¾train¡¿1/20 135/20140 loss:44.72121810913086
2024-11-12 15:54:29,799 - app_logger - INFO - ¡¾train¡¿1/20 136/20140 loss:51.440711975097656
2024-11-12 15:54:38,060 - app_logger - INFO - ¡¾train¡¿1/20 137/20140 loss:44.91657638549805
2024-11-12 15:54:46,220 - app_logger - INFO - ¡¾train¡¿1/20 138/20140 loss:38.28730392456055
2024-11-12 15:54:54,575 - app_logger - INFO - ¡¾train¡¿1/20 139/20140 loss:42.109588623046875
2024-11-12 15:55:02,927 - app_logger - INFO - ¡¾train¡¿1/20 140/20140 loss:29.170278549194336
2024-11-12 15:55:11,326 - app_logger - INFO - ¡¾train¡¿1/20 141/20140 loss:37.88845443725586
2024-11-12 15:55:19,467 - app_logger - INFO - ¡¾train¡¿1/20 142/20140 loss:44.68431854248047
2024-11-12 15:55:27,767 - app_logger - INFO - ¡¾train¡¿1/20 143/20140 loss:24.286701202392578
2024-11-12 15:55:36,131 - app_logger - INFO - ¡¾train¡¿1/20 144/20140 loss:35.240474700927734
2024-11-12 15:55:44,252 - app_logger - INFO - ¡¾train¡¿1/20 145/20140 loss:40.27788543701172
2024-11-12 15:55:52,590 - app_logger - INFO - ¡¾train¡¿1/20 146/20140 loss:40.164276123046875
2024-11-12 15:56:00,822 - app_logger - INFO - ¡¾train¡¿1/20 147/20140 loss:46.20704650878906
2024-11-12 15:56:09,202 - app_logger - INFO - ¡¾train¡¿1/20 148/20140 loss:33.32256317138672
2024-11-12 15:56:17,642 - app_logger - INFO - ¡¾train¡¿1/20 149/20140 loss:31.584793090820312
2024-11-12 15:56:26,077 - app_logger - INFO - ¡¾train¡¿1/20 150/20140 loss:36.04747772216797
2024-11-12 15:56:34,333 - app_logger - INFO - ¡¾train¡¿1/20 151/20140 loss:43.517024993896484
2024-11-12 15:56:42,718 - app_logger - INFO - ¡¾train¡¿1/20 152/20140 loss:46.35734176635742
2024-11-12 15:56:51,510 - app_logger - INFO - ¡¾train¡¿1/20 153/20140 loss:40.80557632446289
2024-11-12 15:57:08,210 - app_logger - INFO - ¡¾train¡¿1/20 154/20140 loss:42.94782257080078
2024-11-12 15:57:23,095 - app_logger - INFO - ¡¾train¡¿1/20 155/20140 loss:51.94338607788086
2024-11-12 15:57:37,474 - app_logger - INFO - ¡¾train¡¿1/20 156/20140 loss:32.20318603515625
2024-11-12 15:57:49,726 - app_logger - INFO - ¡¾train¡¿1/20 157/20140 loss:35.156776428222656
2024-11-12 15:58:01,650 - app_logger - INFO - ¡¾train¡¿1/20 158/20140 loss:44.126808166503906
2024-11-12 15:58:14,365 - app_logger - INFO - ¡¾train¡¿1/20 159/20140 loss:29.86339569091797
2024-11-12 15:58:25,976 - app_logger - INFO - ¡¾train¡¿1/20 160/20140 loss:35.44287109375
2024-11-12 15:58:38,019 - app_logger - INFO - ¡¾train¡¿1/20 161/20140 loss:29.803272247314453
2024-11-12 15:58:48,754 - app_logger - INFO - ¡¾train¡¿1/20 162/20140 loss:31.346418380737305
2024-11-12 15:58:59,560 - app_logger - INFO - ¡¾train¡¿1/20 163/20140 loss:33.972415924072266
2024-11-12 15:59:10,395 - app_logger - INFO - ¡¾train¡¿1/20 164/20140 loss:37.441200256347656
2024-11-12 15:59:18,732 - app_logger - INFO - ¡¾train¡¿1/20 165/20140 loss:25.141098022460938
2024-11-12 15:59:26,868 - app_logger - INFO - ¡¾train¡¿1/20 166/20140 loss:41.717742919921875
2024-11-12 15:59:35,286 - app_logger - INFO - ¡¾train¡¿1/20 167/20140 loss:35.35049057006836
2024-11-12 15:59:43,677 - app_logger - INFO - ¡¾train¡¿1/20 168/20140 loss:45.546043395996094
2024-11-12 15:59:51,992 - app_logger - INFO - ¡¾train¡¿1/20 169/20140 loss:28.31465721130371
2024-11-12 16:00:00,188 - app_logger - INFO - ¡¾train¡¿1/20 170/20140 loss:29.382476806640625
2024-11-12 16:00:08,450 - app_logger - INFO - ¡¾train¡¿1/20 171/20140 loss:44.27081298828125
2024-11-12 16:00:16,833 - app_logger - INFO - ¡¾train¡¿1/20 172/20140 loss:36.653472900390625
2024-11-12 16:00:24,883 - app_logger - INFO - ¡¾train¡¿1/20 173/20140 loss:29.226804733276367
2024-11-12 16:00:33,143 - app_logger - INFO - ¡¾train¡¿1/20 174/20140 loss:26.30768394470215
2024-11-12 16:00:41,579 - app_logger - INFO - ¡¾train¡¿1/20 175/20140 loss:22.596553802490234
2024-11-12 16:00:49,900 - app_logger - INFO - ¡¾train¡¿1/20 176/20140 loss:29.199199676513672
2024-11-12 16:00:58,133 - app_logger - INFO - ¡¾train¡¿1/20 177/20140 loss:23.817516326904297
2024-11-12 16:01:06,324 - app_logger - INFO - ¡¾train¡¿1/20 178/20140 loss:30.967863082885742
2024-11-12 16:01:14,716 - app_logger - INFO - ¡¾train¡¿1/20 179/20140 loss:30.652515411376953
2024-11-12 16:01:22,857 - app_logger - INFO - ¡¾train¡¿1/20 180/20140 loss:35.061126708984375
2024-11-12 16:01:31,004 - app_logger - INFO - ¡¾train¡¿1/20 181/20140 loss:36.22871780395508
2024-11-12 16:01:39,344 - app_logger - INFO - ¡¾train¡¿1/20 182/20140 loss:45.45036315917969
2024-11-12 16:01:47,688 - app_logger - INFO - ¡¾train¡¿1/20 183/20140 loss:24.723852157592773
2024-11-12 16:01:55,835 - app_logger - INFO - ¡¾train¡¿1/20 184/20140 loss:36.096099853515625
2024-11-12 16:02:04,183 - app_logger - INFO - ¡¾train¡¿1/20 185/20140 loss:31.732892990112305
2024-11-12 16:02:12,595 - app_logger - INFO - ¡¾train¡¿1/20 186/20140 loss:23.805110931396484
2024-11-12 16:02:20,814 - app_logger - INFO - ¡¾train¡¿1/20 187/20140 loss:30.762401580810547
2024-11-12 16:02:29,062 - app_logger - INFO - ¡¾train¡¿1/20 188/20140 loss:33.27179718017578
2024-11-12 16:02:37,401 - app_logger - INFO - ¡¾train¡¿1/20 189/20140 loss:24.16023826599121
2024-11-12 16:02:49,064 - app_logger - INFO - ¡¾train¡¿1/20 190/20140 loss:28.874975204467773
2024-11-12 16:03:03,723 - app_logger - INFO - ¡¾train¡¿1/20 191/20140 loss:46.414703369140625
2024-11-12 16:03:17,622 - app_logger - INFO - ¡¾train¡¿1/20 192/20140 loss:18.916793823242188
2024-11-12 16:03:30,065 - app_logger - INFO - ¡¾train¡¿1/20 193/20140 loss:21.079404830932617
2024-11-12 16:03:42,698 - app_logger - INFO - ¡¾train¡¿1/20 194/20140 loss:21.94097900390625
2024-11-12 16:03:53,888 - app_logger - INFO - ¡¾train¡¿1/20 195/20140 loss:22.974365234375
2024-11-12 16:04:05,023 - app_logger - INFO - ¡¾train¡¿1/20 196/20140 loss:21.259557723999023
2024-11-12 16:04:15,922 - app_logger - INFO - ¡¾train¡¿1/20 197/20140 loss:18.288732528686523
2024-11-12 16:04:23,965 - app_logger - INFO - ¡¾train¡¿1/20 198/20140 loss:19.655773162841797
2024-11-12 16:04:32,216 - app_logger - INFO - ¡¾train¡¿1/20 199/20140 loss:25.843544006347656
2024-11-12 16:04:40,587 - app_logger - INFO - ¡¾train¡¿1/20 200/20140 loss:25.741439819335938
2024-11-12 16:04:48,949 - app_logger - INFO - ¡¾train¡¿1/20 201/20140 loss:25.924057006835938
2024-11-12 16:04:57,279 - app_logger - INFO - ¡¾train¡¿1/20 202/20140 loss:30.897449493408203
2024-11-12 16:05:05,678 - app_logger - INFO - ¡¾train¡¿1/20 203/20140 loss:22.39577293395996
2024-11-12 16:05:13,936 - app_logger - INFO - ¡¾train¡¿1/20 204/20140 loss:22.83965301513672
2024-11-12 16:05:22,087 - app_logger - INFO - ¡¾train¡¿1/20 205/20140 loss:18.806663513183594
2024-11-12 16:05:30,404 - app_logger - INFO - ¡¾train¡¿1/20 206/20140 loss:35.876014709472656
2024-11-12 16:05:38,838 - app_logger - INFO - ¡¾train¡¿1/20 207/20140 loss:23.10275650024414
2024-11-12 16:05:47,271 - app_logger - INFO - ¡¾train¡¿1/20 208/20140 loss:24.343496322631836
2024-11-12 16:05:55,633 - app_logger - INFO - ¡¾train¡¿1/20 209/20140 loss:16.536056518554688
2024-11-12 16:06:04,013 - app_logger - INFO - ¡¾train¡¿1/20 210/20140 loss:29.795927047729492
2024-11-12 16:06:12,253 - app_logger - INFO - ¡¾train¡¿1/20 211/20140 loss:17.377164840698242
2024-11-12 16:06:20,474 - app_logger - INFO - ¡¾train¡¿1/20 212/20140 loss:24.16461181640625
2024-11-12 16:06:28,777 - app_logger - INFO - ¡¾train¡¿1/20 213/20140 loss:26.925344467163086
2024-11-12 16:06:37,153 - app_logger - INFO - ¡¾train¡¿1/20 214/20140 loss:14.206247329711914
2024-11-12 16:06:45,442 - app_logger - INFO - ¡¾train¡¿1/20 215/20140 loss:16.078489303588867
2024-11-12 16:06:53,679 - app_logger - INFO - ¡¾train¡¿1/20 216/20140 loss:14.483111381530762
2024-11-12 16:07:02,085 - app_logger - INFO - ¡¾train¡¿1/20 217/20140 loss:24.868255615234375
2024-11-12 16:07:10,417 - app_logger - INFO - ¡¾train¡¿1/20 218/20140 loss:25.0241756439209
2024-11-12 16:07:18,746 - app_logger - INFO - ¡¾train¡¿1/20 219/20140 loss:26.340744018554688
2024-11-12 16:07:57,855 - app_logger - INFO - ¡¾train¡¿1/20 220/20140 loss:22.178207397460938
2024-11-12 16:08:39,968 - app_logger - INFO - ¡¾train¡¿1/20 221/20140 loss:14.707511901855469
2024-11-12 16:08:58,499 - app_logger - INFO - ¡¾train¡¿1/20 222/20140 loss:22.134801864624023
2024-11-12 16:09:17,245 - app_logger - INFO - ¡¾train¡¿1/20 223/20140 loss:26.69562339782715
2024-11-12 16:09:35,301 - app_logger - INFO - ¡¾train¡¿1/20 224/20140 loss:28.449012756347656
2024-11-12 16:09:43,634 - app_logger - INFO - ¡¾train¡¿1/20 225/20140 loss:19.616119384765625
2024-11-12 16:09:51,949 - app_logger - INFO - ¡¾train¡¿1/20 226/20140 loss:22.427520751953125
2024-11-12 16:10:00,157 - app_logger - INFO - ¡¾train¡¿1/20 227/20140 loss:15.19102668762207
2024-11-12 16:10:08,444 - app_logger - INFO - ¡¾train¡¿1/20 228/20140 loss:23.602035522460938
2024-11-12 16:10:16,685 - app_logger - INFO - ¡¾train¡¿1/20 229/20140 loss:21.611949920654297
2024-11-12 16:10:25,166 - app_logger - INFO - ¡¾train¡¿1/20 230/20140 loss:23.96883773803711
2024-11-12 16:10:33,490 - app_logger - INFO - ¡¾train¡¿1/20 231/20140 loss:19.282894134521484
2024-11-12 16:10:41,732 - app_logger - INFO - ¡¾train¡¿1/20 232/20140 loss:19.411985397338867
2024-11-12 16:10:50,129 - app_logger - INFO - ¡¾train¡¿1/20 233/20140 loss:24.78834342956543
2024-11-12 16:10:58,463 - app_logger - INFO - ¡¾train¡¿1/20 234/20140 loss:16.49908447265625
2024-11-12 16:11:06,731 - app_logger - INFO - ¡¾train¡¿1/20 235/20140 loss:17.50688362121582
2024-11-12 16:11:14,877 - app_logger - INFO - ¡¾train¡¿1/20 236/20140 loss:21.83169174194336
2024-11-12 16:11:23,230 - app_logger - INFO - ¡¾train¡¿1/20 237/20140 loss:27.375587463378906
2024-11-12 16:11:31,630 - app_logger - INFO - ¡¾train¡¿1/20 238/20140 loss:15.772006034851074
2024-11-12 16:11:39,789 - app_logger - INFO - ¡¾train¡¿1/20 239/20140 loss:14.71689510345459
2024-11-12 16:11:48,066 - app_logger - INFO - ¡¾train¡¿1/20 240/20140 loss:13.996171951293945
2024-11-12 16:11:56,464 - app_logger - INFO - ¡¾train¡¿1/20 241/20140 loss:16.29176139831543
2024-11-12 16:12:04,775 - app_logger - INFO - ¡¾train¡¿1/20 242/20140 loss:15.049296379089355
2024-11-12 16:12:12,918 - app_logger - INFO - ¡¾train¡¿1/20 243/20140 loss:13.581828117370605
2024-11-12 16:12:21,081 - app_logger - INFO - ¡¾train¡¿1/20 244/20140 loss:15.353106498718262
2024-11-12 16:12:29,266 - app_logger - INFO - ¡¾train¡¿1/20 245/20140 loss:44.63108444213867
2024-11-12 16:12:37,542 - app_logger - INFO - ¡¾train¡¿1/20 246/20140 loss:20.273670196533203
2024-11-12 16:12:45,848 - app_logger - INFO - ¡¾train¡¿1/20 247/20140 loss:18.30572509765625
2024-11-12 16:12:54,019 - app_logger - INFO - ¡¾train¡¿1/20 248/20140 loss:12.776579856872559
2024-11-12 16:13:02,404 - app_logger - INFO - ¡¾train¡¿1/20 249/20140 loss:15.261896133422852
2024-11-12 16:13:10,619 - app_logger - INFO - ¡¾train¡¿1/20 250/20140 loss:28.44620132446289
2024-11-12 16:13:18,846 - app_logger - INFO - ¡¾train¡¿1/20 251/20140 loss:15.10554027557373
2024-11-12 16:13:27,197 - app_logger - INFO - ¡¾train¡¿1/20 252/20140 loss:14.559219360351562
2024-11-12 16:13:35,512 - app_logger - INFO - ¡¾train¡¿1/20 253/20140 loss:16.9367733001709
2024-11-12 16:13:43,891 - app_logger - INFO - ¡¾train¡¿1/20 254/20140 loss:16.960180282592773
2024-11-12 16:13:52,257 - app_logger - INFO - ¡¾train¡¿1/20 255/20140 loss:17.565811157226562
2024-11-12 16:14:00,382 - app_logger - INFO - ¡¾train¡¿1/20 256/20140 loss:14.960550308227539
2024-11-12 16:14:08,792 - app_logger - INFO - ¡¾train¡¿1/20 257/20140 loss:17.123868942260742
2024-11-12 16:14:16,883 - app_logger - INFO - ¡¾train¡¿1/20 258/20140 loss:23.494258880615234
2024-11-12 16:14:25,213 - app_logger - INFO - ¡¾train¡¿1/20 259/20140 loss:20.871017456054688
2024-11-12 16:14:33,578 - app_logger - INFO - ¡¾train¡¿1/20 260/20140 loss:18.944169998168945
2024-11-12 16:14:41,945 - app_logger - INFO - ¡¾train¡¿1/20 261/20140 loss:16.775394439697266
2024-11-12 16:14:50,028 - app_logger - INFO - ¡¾train¡¿1/20 262/20140 loss:15.163352966308594
2024-11-12 16:14:58,312 - app_logger - INFO - ¡¾train¡¿1/20 263/20140 loss:10.531930923461914
2024-11-12 16:15:06,675 - app_logger - INFO - ¡¾train¡¿1/20 264/20140 loss:19.439485549926758
2024-11-12 16:15:15,035 - app_logger - INFO - ¡¾train¡¿1/20 265/20140 loss:25.46246910095215
2024-11-12 16:15:23,380 - app_logger - INFO - ¡¾train¡¿1/20 266/20140 loss:8.738306999206543
2024-11-12 16:15:31,531 - app_logger - INFO - ¡¾train¡¿1/20 267/20140 loss:16.180986404418945
2024-11-12 16:15:39,834 - app_logger - INFO - ¡¾train¡¿1/20 268/20140 loss:14.037581443786621
2024-11-12 16:15:48,116 - app_logger - INFO - ¡¾train¡¿1/20 269/20140 loss:29.90242576599121
2024-11-12 16:15:56,447 - app_logger - INFO - ¡¾train¡¿1/20 270/20140 loss:20.75337791442871
2024-11-12 16:16:04,700 - app_logger - INFO - ¡¾train¡¿1/20 271/20140 loss:18.298969268798828
2024-11-12 16:16:13,068 - app_logger - INFO - ¡¾train¡¿1/20 272/20140 loss:14.655016899108887
2024-11-12 16:16:21,261 - app_logger - INFO - ¡¾train¡¿1/20 273/20140 loss:12.664970397949219
2024-11-12 16:16:29,795 - app_logger - INFO - ¡¾train¡¿1/20 274/20140 loss:22.807363510131836
2024-11-12 16:16:37,985 - app_logger - INFO - ¡¾train¡¿1/20 275/20140 loss:26.1195125579834
2024-11-12 16:16:46,295 - app_logger - INFO - ¡¾train¡¿1/20 276/20140 loss:13.043757438659668
2024-11-12 16:16:54,518 - app_logger - INFO - ¡¾train¡¿1/20 277/20140 loss:16.998090744018555
2024-11-12 16:17:02,905 - app_logger - INFO - ¡¾train¡¿1/20 278/20140 loss:15.50467300415039
2024-11-12 16:17:11,256 - app_logger - INFO - ¡¾train¡¿1/20 279/20140 loss:18.87321662902832
2024-11-12 16:17:19,627 - app_logger - INFO - ¡¾train¡¿1/20 280/20140 loss:17.618606567382812
2024-11-12 16:17:27,798 - app_logger - INFO - ¡¾train¡¿1/20 281/20140 loss:11.39141845703125
2024-11-12 16:17:36,129 - app_logger - INFO - ¡¾train¡¿1/20 282/20140 loss:13.967451095581055
2024-11-12 16:17:44,498 - app_logger - INFO - ¡¾train¡¿1/20 283/20140 loss:16.696903228759766
2024-11-12 16:17:52,538 - app_logger - INFO - ¡¾train¡¿1/20 284/20140 loss:12.474325180053711
2024-11-12 16:18:00,854 - app_logger - INFO - ¡¾train¡¿1/20 285/20140 loss:19.365041732788086
2024-11-12 16:18:09,114 - app_logger - INFO - ¡¾train¡¿1/20 286/20140 loss:13.547774314880371
2024-11-12 16:18:17,503 - app_logger - INFO - ¡¾train¡¿1/20 287/20140 loss:13.047174453735352
2024-11-12 16:18:25,886 - app_logger - INFO - ¡¾train¡¿1/20 288/20140 loss:12.948705673217773
2024-11-12 16:18:34,254 - app_logger - INFO - ¡¾train¡¿1/20 289/20140 loss:14.197600364685059
2024-11-12 16:18:42,543 - app_logger - INFO - ¡¾train¡¿1/20 290/20140 loss:17.48358917236328
2024-11-12 16:18:50,874 - app_logger - INFO - ¡¾train¡¿1/20 291/20140 loss:15.290655136108398
2024-11-12 16:18:59,296 - app_logger - INFO - ¡¾train¡¿1/20 292/20140 loss:10.688579559326172
2024-11-12 16:19:07,580 - app_logger - INFO - ¡¾train¡¿1/20 293/20140 loss:15.404233932495117
2024-11-12 16:19:15,951 - app_logger - INFO - ¡¾train¡¿1/20 294/20140 loss:16.78455352783203
2024-11-12 16:19:24,334 - app_logger - INFO - ¡¾train¡¿1/20 295/20140 loss:10.246377944946289
2024-11-12 16:19:32,390 - app_logger - INFO - ¡¾train¡¿1/20 296/20140 loss:19.378694534301758
2024-11-12 16:19:40,772 - app_logger - INFO - ¡¾train¡¿1/20 297/20140 loss:18.261829376220703
2024-11-12 16:19:49,143 - app_logger - INFO - ¡¾train¡¿1/20 298/20140 loss:19.54189682006836
2024-11-12 16:19:57,499 - app_logger - INFO - ¡¾train¡¿1/20 299/20140 loss:17.0058650970459
2024-11-12 16:20:05,841 - app_logger - INFO - ¡¾train¡¿1/20 300/20140 loss:10.441141128540039
2024-11-12 16:20:14,126 - app_logger - INFO - ¡¾train¡¿1/20 301/20140 loss:18.14309310913086
2024-11-12 16:20:22,473 - app_logger - INFO - ¡¾train¡¿1/20 302/20140 loss:25.314525604248047
2024-11-12 16:20:30,882 - app_logger - INFO - ¡¾train¡¿1/20 303/20140 loss:15.390654563903809
2024-11-12 16:20:39,202 - app_logger - INFO - ¡¾train¡¿1/20 304/20140 loss:15.641383171081543
2024-11-12 16:20:47,388 - app_logger - INFO - ¡¾train¡¿1/20 305/20140 loss:10.972267150878906
2024-11-12 16:20:55,895 - app_logger - INFO - ¡¾train¡¿1/20 306/20140 loss:13.47944450378418
2024-11-12 16:21:04,222 - app_logger - INFO - ¡¾train¡¿1/20 307/20140 loss:19.63705062866211
2024-11-12 16:21:12,543 - app_logger - INFO - ¡¾train¡¿1/20 308/20140 loss:24.518230438232422
2024-11-12 16:21:20,763 - app_logger - INFO - ¡¾train¡¿1/20 309/20140 loss:11.904729843139648
2024-11-12 16:21:28,989 - app_logger - INFO - ¡¾train¡¿1/20 310/20140 loss:15.914301872253418
2024-11-12 16:21:37,384 - app_logger - INFO - ¡¾train¡¿1/20 311/20140 loss:16.9482421875
2024-11-12 16:21:45,462 - app_logger - INFO - ¡¾train¡¿1/20 312/20140 loss:15.8447265625
2024-11-12 16:21:53,821 - app_logger - INFO - ¡¾train¡¿1/20 313/20140 loss:25.862579345703125
2024-11-12 16:22:02,208 - app_logger - INFO - ¡¾train¡¿1/20 314/20140 loss:14.748957633972168
2024-11-12 16:22:10,597 - app_logger - INFO - ¡¾train¡¿1/20 315/20140 loss:19.244361877441406
2024-11-12 16:22:18,878 - app_logger - INFO - ¡¾train¡¿1/20 316/20140 loss:20.322853088378906
2024-11-12 16:22:27,113 - app_logger - INFO - ¡¾train¡¿1/20 317/20140 loss:11.133613586425781
2024-11-12 16:22:35,525 - app_logger - INFO - ¡¾train¡¿1/20 318/20140 loss:18.15057373046875
2024-11-12 16:22:43,661 - app_logger - INFO - ¡¾train¡¿1/20 319/20140 loss:12.796642303466797
2024-11-12 16:22:51,836 - app_logger - INFO - ¡¾train¡¿1/20 320/20140 loss:13.803194999694824
2024-11-12 16:23:00,205 - app_logger - INFO - ¡¾train¡¿1/20 321/20140 loss:19.845565795898438
2024-11-12 16:23:08,495 - app_logger - INFO - ¡¾train¡¿1/20 322/20140 loss:16.43111228942871
2024-11-12 16:23:16,686 - app_logger - INFO - ¡¾train¡¿1/20 323/20140 loss:20.930980682373047
2024-11-12 16:23:25,067 - app_logger - INFO - ¡¾train¡¿1/20 324/20140 loss:24.569522857666016
2024-11-12 16:23:33,366 - app_logger - INFO - ¡¾train¡¿1/20 325/20140 loss:12.891172409057617
2024-11-12 16:23:41,587 - app_logger - INFO - ¡¾train¡¿1/20 326/20140 loss:10.938990592956543
2024-11-12 16:23:51,514 - app_logger - INFO - ¡¾train¡¿1/20 327/20140 loss:23.245128631591797
2024-11-12 16:24:02,796 - app_logger - INFO - ¡¾train¡¿1/20 328/20140 loss:14.143150329589844
2024-11-12 16:24:13,707 - app_logger - INFO - ¡¾train¡¿1/20 329/20140 loss:20.07961654663086
2024-11-12 16:24:24,991 - app_logger - INFO - ¡¾train¡¿1/20 330/20140 loss:21.434738159179688
2024-11-12 16:24:33,181 - app_logger - INFO - ¡¾train¡¿1/20 331/20140 loss:14.509905815124512
2024-11-12 16:24:41,478 - app_logger - INFO - ¡¾train¡¿1/20 332/20140 loss:10.533293724060059
2024-11-12 16:24:49,616 - app_logger - INFO - ¡¾train¡¿1/20 333/20140 loss:13.867660522460938
2024-11-12 16:24:57,814 - app_logger - INFO - ¡¾train¡¿1/20 334/20140 loss:18.17708396911621
2024-11-12 16:25:05,962 - app_logger - INFO - ¡¾train¡¿1/20 335/20140 loss:16.8470401763916
2024-11-12 16:25:14,419 - app_logger - INFO - ¡¾train¡¿1/20 336/20140 loss:17.68593978881836
2024-11-12 16:25:22,519 - app_logger - INFO - ¡¾train¡¿1/20 337/20140 loss:17.03874969482422
2024-11-12 16:25:30,815 - app_logger - INFO - ¡¾train¡¿1/20 338/20140 loss:13.37390422821045
2024-11-12 16:25:39,183 - app_logger - INFO - ¡¾train¡¿1/20 339/20140 loss:25.48438835144043
2024-11-12 16:25:47,612 - app_logger - INFO - ¡¾train¡¿1/20 340/20140 loss:10.956903457641602
2024-11-12 16:25:55,943 - app_logger - INFO - ¡¾train¡¿1/20 341/20140 loss:11.766578674316406
2024-11-12 16:26:04,359 - app_logger - INFO - ¡¾train¡¿1/20 342/20140 loss:15.6414794921875
2024-11-12 16:26:12,676 - app_logger - INFO - ¡¾train¡¿1/20 343/20140 loss:14.702105522155762
2024-11-12 16:26:20,861 - app_logger - INFO - ¡¾train¡¿1/20 344/20140 loss:10.987380981445312
2024-11-12 16:26:29,197 - app_logger - INFO - ¡¾train¡¿1/20 345/20140 loss:15.69996166229248
2024-11-12 16:26:37,598 - app_logger - INFO - ¡¾train¡¿1/20 346/20140 loss:12.222686767578125
2024-11-12 16:26:46,046 - app_logger - INFO - ¡¾train¡¿1/20 347/20140 loss:18.9617919921875
2024-11-12 16:26:54,414 - app_logger - INFO - ¡¾train¡¿1/20 348/20140 loss:8.858216285705566
2024-11-12 16:27:02,801 - app_logger - INFO - ¡¾train¡¿1/20 349/20140 loss:23.22182273864746
2024-11-12 16:27:11,047 - app_logger - INFO - ¡¾train¡¿1/20 350/20140 loss:19.59255027770996
2024-11-12 16:27:19,255 - app_logger - INFO - ¡¾train¡¿1/20 351/20140 loss:19.913654327392578
2024-11-12 16:27:27,541 - app_logger - INFO - ¡¾train¡¿1/20 352/20140 loss:19.555713653564453
2024-11-12 16:27:35,922 - app_logger - INFO - ¡¾train¡¿1/20 353/20140 loss:25.03253936767578
2024-11-12 16:27:44,128 - app_logger - INFO - ¡¾train¡¿1/20 354/20140 loss:13.753134727478027
2024-11-12 16:27:52,310 - app_logger - INFO - ¡¾train¡¿1/20 355/20140 loss:25.603879928588867
2024-11-12 16:28:00,703 - app_logger - INFO - ¡¾train¡¿1/20 356/20140 loss:11.140424728393555
2024-11-12 16:28:08,991 - app_logger - INFO - ¡¾train¡¿1/20 357/20140 loss:12.52271842956543
2024-11-12 16:28:17,282 - app_logger - INFO - ¡¾train¡¿1/20 358/20140 loss:10.600868225097656
2024-11-12 16:28:25,633 - app_logger - INFO - ¡¾train¡¿1/20 359/20140 loss:15.999720573425293
2024-11-12 16:28:35,032 - app_logger - INFO - ¡¾train¡¿1/20 360/20140 loss:12.396903991699219
2024-11-12 16:28:49,296 - app_logger - INFO - ¡¾train¡¿1/20 361/20140 loss:15.951727867126465
2024-11-12 16:29:05,242 - app_logger - INFO - ¡¾train¡¿1/20 362/20140 loss:11.422225952148438
2024-11-12 16:29:19,058 - app_logger - INFO - ¡¾train¡¿1/20 363/20140 loss:13.339750289916992
2024-11-12 16:29:32,433 - app_logger - INFO - ¡¾train¡¿1/20 364/20140 loss:11.394079208374023
2024-11-12 16:29:45,563 - app_logger - INFO - ¡¾train¡¿1/20 365/20140 loss:12.632665634155273
2024-11-12 16:29:57,861 - app_logger - INFO - ¡¾train¡¿1/20 366/20140 loss:21.335350036621094
2024-11-12 16:30:08,684 - app_logger - INFO - ¡¾train¡¿1/20 367/20140 loss:20.273448944091797
2024-11-12 16:30:19,406 - app_logger - INFO - ¡¾train¡¿1/20 368/20140 loss:11.51169490814209
2024-11-12 16:30:30,379 - app_logger - INFO - ¡¾train¡¿1/20 369/20140 loss:15.369985580444336
2024-11-12 16:30:41,103 - app_logger - INFO - ¡¾train¡¿1/20 370/20140 loss:8.488441467285156
2024-11-12 16:30:50,621 - app_logger - INFO - ¡¾train¡¿1/20 371/20140 loss:14.598531723022461
2024-11-12 16:30:58,951 - app_logger - INFO - ¡¾train¡¿1/20 372/20140 loss:18.89993667602539
2024-11-12 16:31:07,229 - app_logger - INFO - ¡¾train¡¿1/20 373/20140 loss:14.43217658996582
2024-11-12 16:31:15,555 - app_logger - INFO - ¡¾train¡¿1/20 374/20140 loss:18.26222801208496
2024-11-12 16:31:23,662 - app_logger - INFO - ¡¾train¡¿1/20 375/20140 loss:12.489582061767578
2024-11-12 16:31:32,015 - app_logger - INFO - ¡¾train¡¿1/20 376/20140 loss:14.861823081970215
2024-11-12 16:31:40,447 - app_logger - INFO - ¡¾train¡¿1/20 377/20140 loss:13.886236190795898
2024-11-12 16:31:48,586 - app_logger - INFO - ¡¾train¡¿1/20 378/20140 loss:18.929473876953125
2024-11-12 16:31:56,876 - app_logger - INFO - ¡¾train¡¿1/20 379/20140 loss:10.015681266784668
2024-11-12 16:32:05,334 - app_logger - INFO - ¡¾train¡¿1/20 380/20140 loss:16.97964859008789
2024-11-12 16:32:13,691 - app_logger - INFO - ¡¾train¡¿1/20 381/20140 loss:14.876911163330078
2024-11-12 16:32:21,883 - app_logger - INFO - ¡¾train¡¿1/20 382/20140 loss:16.74443817138672
2024-11-12 16:32:30,099 - app_logger - INFO - ¡¾train¡¿1/20 383/20140 loss:12.810514450073242
2024-11-12 16:32:38,327 - app_logger - INFO - ¡¾train¡¿1/20 384/20140 loss:15.995715141296387
2024-11-12 16:32:46,596 - app_logger - INFO - ¡¾train¡¿1/20 385/20140 loss:13.985795974731445
2024-11-12 16:32:54,915 - app_logger - INFO - ¡¾train¡¿1/20 386/20140 loss:19.423316955566406
2024-11-12 16:33:03,086 - app_logger - INFO - ¡¾train¡¿1/20 387/20140 loss:22.307064056396484
2024-11-12 16:33:11,432 - app_logger - INFO - ¡¾train¡¿1/20 388/20140 loss:14.581114768981934
2024-11-12 16:33:19,644 - app_logger - INFO - ¡¾train¡¿1/20 389/20140 loss:14.969714164733887
2024-11-12 16:33:27,806 - app_logger - INFO - ¡¾train¡¿1/20 390/20140 loss:15.347965240478516
2024-11-12 16:33:36,111 - app_logger - INFO - ¡¾train¡¿1/20 391/20140 loss:11.835887908935547
2024-11-12 16:33:44,440 - app_logger - INFO - ¡¾train¡¿1/20 392/20140 loss:18.157726287841797
2024-11-12 16:33:52,789 - app_logger - INFO - ¡¾train¡¿1/20 393/20140 loss:9.801143646240234
2024-11-12 16:34:01,153 - app_logger - INFO - ¡¾train¡¿1/20 394/20140 loss:13.166236877441406
2024-11-12 16:34:09,278 - app_logger - INFO - ¡¾train¡¿1/20 395/20140 loss:18.024627685546875
2024-11-12 16:34:18,699 - app_logger - INFO - ¡¾train¡¿1/20 396/20140 loss:20.503562927246094
2024-11-12 16:34:33,669 - app_logger - INFO - ¡¾train¡¿1/20 397/20140 loss:17.238780975341797
2024-11-12 16:34:47,320 - app_logger - INFO - ¡¾train¡¿1/20 398/20140 loss:12.935809135437012
2024-11-12 16:35:00,109 - app_logger - INFO - ¡¾train¡¿1/20 399/20140 loss:9.234442710876465
2024-11-12 16:35:13,271 - app_logger - INFO - ¡¾train¡¿1/20 400/20140 loss:12.815757751464844
2024-11-12 16:35:24,370 - app_logger - INFO - ¡¾train¡¿1/20 401/20140 loss:15.498006820678711
2024-11-12 16:35:34,933 - app_logger - INFO - ¡¾train¡¿1/20 402/20140 loss:15.051437377929688
2024-11-12 16:35:46,442 - app_logger - INFO - ¡¾train¡¿1/20 403/20140 loss:20.33002281188965
2024-11-12 16:35:58,264 - app_logger - INFO - ¡¾train¡¿1/20 404/20140 loss:18.960365295410156
2024-11-12 16:36:08,973 - app_logger - INFO - ¡¾train¡¿1/20 405/20140 loss:13.5809965133667
2024-11-12 16:36:20,016 - app_logger - INFO - ¡¾train¡¿1/20 406/20140 loss:10.970129013061523
2024-11-12 16:36:30,750 - app_logger - INFO - ¡¾train¡¿1/20 407/20140 loss:17.14931297302246
2024-11-12 16:36:39,021 - app_logger - INFO - ¡¾train¡¿1/20 408/20140 loss:15.056657791137695
2024-11-12 16:36:47,386 - app_logger - INFO - ¡¾train¡¿1/20 409/20140 loss:14.422996520996094
2024-11-12 16:36:55,647 - app_logger - INFO - ¡¾train¡¿1/20 410/20140 loss:18.932384490966797
2024-11-12 16:37:04,017 - app_logger - INFO - ¡¾train¡¿1/20 411/20140 loss:20.309383392333984
2024-11-12 16:37:12,222 - app_logger - INFO - ¡¾train¡¿1/20 412/20140 loss:18.891399383544922
2024-11-12 16:37:20,790 - app_logger - INFO - ¡¾train¡¿1/20 413/20140 loss:14.110297203063965
2024-11-12 16:37:28,963 - app_logger - INFO - ¡¾train¡¿1/20 414/20140 loss:21.437576293945312
2024-11-12 16:37:37,269 - app_logger - INFO - ¡¾train¡¿1/20 415/20140 loss:17.024627685546875
2024-11-12 16:37:45,549 - app_logger - INFO - ¡¾train¡¿1/20 416/20140 loss:18.2745361328125
2024-11-12 16:37:53,963 - app_logger - INFO - ¡¾train¡¿1/20 417/20140 loss:14.631734848022461
2024-11-12 16:38:02,353 - app_logger - INFO - ¡¾train¡¿1/20 418/20140 loss:15.723287582397461
2024-11-12 16:38:10,730 - app_logger - INFO - ¡¾train¡¿1/20 419/20140 loss:14.596403121948242
2024-11-12 16:38:18,881 - app_logger - INFO - ¡¾train¡¿1/20 420/20140 loss:10.261651039123535
2024-11-12 16:38:27,161 - app_logger - INFO - ¡¾train¡¿1/20 421/20140 loss:16.52490997314453
2024-11-12 16:38:35,561 - app_logger - INFO - ¡¾train¡¿1/20 422/20140 loss:12.554891586303711
2024-11-12 16:38:43,655 - app_logger - INFO - ¡¾train¡¿1/20 423/20140 loss:16.298439025878906
2024-11-12 16:38:51,997 - app_logger - INFO - ¡¾train¡¿1/20 424/20140 loss:15.366446495056152
2024-11-12 16:39:00,193 - app_logger - INFO - ¡¾train¡¿1/20 425/20140 loss:9.816315650939941
2024-11-12 16:39:08,564 - app_logger - INFO - ¡¾train¡¿1/20 426/20140 loss:16.675811767578125
2024-11-12 16:39:16,944 - app_logger - INFO - ¡¾train¡¿1/20 427/20140 loss:12.312052726745605
2024-11-12 16:39:25,266 - app_logger - INFO - ¡¾train¡¿1/20 428/20140 loss:26.65163230895996
2024-11-12 16:39:33,473 - app_logger - INFO - ¡¾train¡¿1/20 429/20140 loss:13.874277114868164
2024-11-12 16:40:11,823 - app_logger - INFO - ¡¾train¡¿1/20 430/20140 loss:16.267581939697266
2024-11-12 16:40:50,047 - app_logger - INFO - ¡¾train¡¿1/20 431/20140 loss:11.267332077026367
2024-11-12 16:41:05,332 - app_logger - INFO - ¡¾train¡¿1/20 432/20140 loss:18.85076904296875
2024-11-12 16:41:21,007 - app_logger - INFO - ¡¾train¡¿1/20 433/20140 loss:11.522266387939453
2024-11-12 16:41:38,642 - app_logger - INFO - ¡¾train¡¿1/20 434/20140 loss:9.442556381225586
2024-11-12 16:41:47,259 - app_logger - INFO - ¡¾train¡¿1/20 435/20140 loss:14.640325546264648
2024-11-12 16:41:55,623 - app_logger - INFO - ¡¾train¡¿1/20 436/20140 loss:16.111072540283203
2024-11-12 16:42:03,934 - app_logger - INFO - ¡¾train¡¿1/20 437/20140 loss:12.092227935791016
2024-11-12 16:42:12,202 - app_logger - INFO - ¡¾train¡¿1/20 438/20140 loss:19.10102653503418
2024-11-12 16:42:20,503 - app_logger - INFO - ¡¾train¡¿1/20 439/20140 loss:10.74812126159668
2024-11-12 16:42:28,836 - app_logger - INFO - ¡¾train¡¿1/20 440/20140 loss:12.231353759765625
2024-11-12 16:42:37,149 - app_logger - INFO - ¡¾train¡¿1/20 441/20140 loss:12.860114097595215
2024-11-12 16:42:45,480 - app_logger - INFO - ¡¾train¡¿1/20 442/20140 loss:19.178794860839844
2024-11-12 16:42:53,793 - app_logger - INFO - ¡¾train¡¿1/20 443/20140 loss:10.617609024047852
2024-11-12 16:43:01,932 - app_logger - INFO - ¡¾train¡¿1/20 444/20140 loss:5.696210861206055
2024-11-12 16:43:10,366 - app_logger - INFO - ¡¾train¡¿1/20 445/20140 loss:15.294894218444824
2024-11-12 16:43:18,719 - app_logger - INFO - ¡¾train¡¿1/20 446/20140 loss:10.481801986694336
2024-11-12 16:43:27,021 - app_logger - INFO - ¡¾train¡¿1/20 447/20140 loss:12.703234672546387
2024-11-12 16:43:35,211 - app_logger - INFO - ¡¾train¡¿1/20 448/20140 loss:19.7875919342041
2024-11-12 16:43:43,453 - app_logger - INFO - ¡¾train¡¿1/20 449/20140 loss:10.043371200561523
2024-11-12 16:43:51,842 - app_logger - INFO - ¡¾train¡¿1/20 450/20140 loss:15.455814361572266
2024-11-12 16:43:59,913 - app_logger - INFO - ¡¾train¡¿1/20 451/20140 loss:12.278487205505371
2024-11-12 16:44:08,183 - app_logger - INFO - ¡¾train¡¿1/20 452/20140 loss:18.45671844482422
2024-11-12 16:44:16,587 - app_logger - INFO - ¡¾train¡¿1/20 453/20140 loss:13.830005645751953
2024-11-12 16:44:24,922 - app_logger - INFO - ¡¾train¡¿1/20 454/20140 loss:8.911827087402344
2024-11-12 16:44:33,093 - app_logger - INFO - ¡¾train¡¿1/20 455/20140 loss:8.72788143157959
2024-11-12 16:44:41,287 - app_logger - INFO - ¡¾train¡¿1/20 456/20140 loss:19.971235275268555
2024-11-12 16:44:49,633 - app_logger - INFO - ¡¾train¡¿1/20 457/20140 loss:11.194849967956543
2024-11-12 16:44:57,768 - app_logger - INFO - ¡¾train¡¿1/20 458/20140 loss:19.767242431640625
2024-11-12 16:45:05,904 - app_logger - INFO - ¡¾train¡¿1/20 459/20140 loss:15.474204063415527
2024-11-12 16:45:14,241 - app_logger - INFO - ¡¾train¡¿1/20 460/20140 loss:7.1505842208862305
2024-11-12 16:45:22,551 - app_logger - INFO - ¡¾train¡¿1/20 461/20140 loss:14.342985153198242
2024-11-12 16:45:30,611 - app_logger - INFO - ¡¾train¡¿1/20 462/20140 loss:7.226409435272217
2024-11-12 16:45:38,935 - app_logger - INFO - ¡¾train¡¿1/20 463/20140 loss:10.220980644226074
2024-11-12 16:45:47,282 - app_logger - INFO - ¡¾train¡¿1/20 464/20140 loss:16.519805908203125
2024-11-12 16:45:55,456 - app_logger - INFO - ¡¾train¡¿1/20 465/20140 loss:16.22298812866211
2024-11-12 16:46:03,714 - app_logger - INFO - ¡¾train¡¿1/20 466/20140 loss:17.587989807128906
2024-11-12 16:46:12,028 - app_logger - INFO - ¡¾train¡¿1/20 467/20140 loss:19.447956085205078
2024-11-12 16:46:20,269 - app_logger - INFO - ¡¾train¡¿1/20 468/20140 loss:11.72834587097168
2024-11-12 16:46:28,554 - app_logger - INFO - ¡¾train¡¿1/20 469/20140 loss:14.206192016601562
2024-11-12 16:46:36,761 - app_logger - INFO - ¡¾train¡¿1/20 470/20140 loss:14.672676086425781
2024-11-12 16:46:45,052 - app_logger - INFO - ¡¾train¡¿1/20 471/20140 loss:12.484094619750977
2024-11-12 16:46:53,191 - app_logger - INFO - ¡¾train¡¿1/20 472/20140 loss:10.781718254089355
2024-11-12 16:47:01,392 - app_logger - INFO - ¡¾train¡¿1/20 473/20140 loss:16.61602783203125
2024-11-12 16:47:09,578 - app_logger - INFO - ¡¾train¡¿1/20 474/20140 loss:17.702701568603516
2024-11-12 16:47:17,989 - app_logger - INFO - ¡¾train¡¿1/20 475/20140 loss:13.710546493530273
2024-11-12 16:47:25,997 - app_logger - INFO - ¡¾train¡¿1/20 476/20140 loss:10.266982078552246
2024-11-12 16:47:34,238 - app_logger - INFO - ¡¾train¡¿1/20 477/20140 loss:12.096473693847656
2024-11-12 16:47:42,585 - app_logger - INFO - ¡¾train¡¿1/20 478/20140 loss:18.62322425842285
2024-11-12 16:47:50,900 - app_logger - INFO - ¡¾train¡¿1/20 479/20140 loss:16.87778663635254
2024-11-12 16:47:59,161 - app_logger - INFO - ¡¾train¡¿1/20 480/20140 loss:26.142059326171875
2024-11-12 16:48:07,564 - app_logger - INFO - ¡¾train¡¿1/20 481/20140 loss:16.566024780273438
2024-11-12 16:48:15,842 - app_logger - INFO - ¡¾train¡¿1/20 482/20140 loss:16.57001304626465
2024-11-12 16:48:23,990 - app_logger - INFO - ¡¾train¡¿1/20 483/20140 loss:13.417071342468262
2024-11-12 16:48:32,265 - app_logger - INFO - ¡¾train¡¿1/20 484/20140 loss:14.190963745117188
2024-11-12 16:48:40,676 - app_logger - INFO - ¡¾train¡¿1/20 485/20140 loss:15.807109832763672
2024-11-12 16:48:49,120 - app_logger - INFO - ¡¾train¡¿1/20 486/20140 loss:18.7075138092041
2024-11-12 16:48:57,563 - app_logger - INFO - ¡¾train¡¿1/20 487/20140 loss:13.852149963378906
2024-11-12 16:49:05,915 - app_logger - INFO - ¡¾train¡¿1/20 488/20140 loss:11.038198471069336
2024-11-12 16:49:14,129 - app_logger - INFO - ¡¾train¡¿1/20 489/20140 loss:15.141535758972168
2024-11-12 16:49:22,324 - app_logger - INFO - ¡¾train¡¿1/20 490/20140 loss:9.079833030700684
2024-11-12 16:49:30,600 - app_logger - INFO - ¡¾train¡¿1/20 491/20140 loss:12.042837142944336
2024-11-12 16:49:38,982 - app_logger - INFO - ¡¾train¡¿1/20 492/20140 loss:16.72886848449707
2024-11-12 16:49:47,191 - app_logger - INFO - ¡¾train¡¿1/20 493/20140 loss:14.067843437194824
2024-11-12 16:49:55,400 - app_logger - INFO - ¡¾train¡¿1/20 494/20140 loss:14.313211441040039
2024-11-12 16:50:03,842 - app_logger - INFO - ¡¾train¡¿1/20 495/20140 loss:16.550403594970703
2024-11-12 16:50:12,149 - app_logger - INFO - ¡¾train¡¿1/20 496/20140 loss:11.504711151123047
2024-11-12 16:50:20,434 - app_logger - INFO - ¡¾train¡¿1/20 497/20140 loss:13.281630516052246
2024-11-12 16:50:28,797 - app_logger - INFO - ¡¾train¡¿1/20 498/20140 loss:17.088443756103516
2024-11-12 16:50:36,880 - app_logger - INFO - ¡¾train¡¿1/20 499/20140 loss:9.63239574432373
2024-11-12 16:50:45,068 - app_logger - INFO - ¡¾train¡¿1/20 500/20140 loss:22.7093563079834
2024-11-12 16:50:52,401 - app_logger - INFO - ¡¾train¡¿1/20 501/20140 loss:13.71003246307373
2024-11-12 16:51:00,564 - app_logger - INFO - ¡¾train¡¿1/20 502/20140 loss:11.4290189743042
2024-11-12 16:51:08,895 - app_logger - INFO - ¡¾train¡¿1/20 503/20140 loss:9.832134246826172
2024-11-12 16:51:17,174 - app_logger - INFO - ¡¾train¡¿1/20 504/20140 loss:8.685712814331055
2024-11-12 16:51:25,400 - app_logger - INFO - ¡¾train¡¿1/20 505/20140 loss:18.286739349365234
2024-11-12 16:51:33,670 - app_logger - INFO - ¡¾train¡¿1/20 506/20140 loss:10.024747848510742
2024-11-12 16:51:41,921 - app_logger - INFO - ¡¾train¡¿1/20 507/20140 loss:13.533785820007324
2024-11-12 16:51:50,363 - app_logger - INFO - ¡¾train¡¿1/20 508/20140 loss:13.722396850585938
2024-11-12 16:51:58,643 - app_logger - INFO - ¡¾train¡¿1/20 509/20140 loss:14.244062423706055
2024-11-12 16:52:06,920 - app_logger - INFO - ¡¾train¡¿1/20 510/20140 loss:12.465974807739258
2024-11-12 16:52:15,228 - app_logger - INFO - ¡¾train¡¿1/20 511/20140 loss:7.997971534729004
2024-11-12 16:52:23,515 - app_logger - INFO - ¡¾train¡¿1/20 512/20140 loss:17.296768188476562
2024-11-12 16:52:31,804 - app_logger - INFO - ¡¾train¡¿1/20 513/20140 loss:11.612226486206055
2024-11-12 16:52:39,884 - app_logger - INFO - ¡¾train¡¿1/20 514/20140 loss:15.544363975524902
2024-11-12 16:52:48,217 - app_logger - INFO - ¡¾train¡¿1/20 515/20140 loss:12.170843124389648
2024-11-12 16:52:56,615 - app_logger - INFO - ¡¾train¡¿1/20 516/20140 loss:13.087949752807617
2024-11-12 16:53:04,720 - app_logger - INFO - ¡¾train¡¿1/20 517/20140 loss:15.676046371459961
2024-11-12 16:53:13,008 - app_logger - INFO - ¡¾train¡¿1/20 518/20140 loss:34.996578216552734
2024-11-12 16:53:21,366 - app_logger - INFO - ¡¾train¡¿1/20 519/20140 loss:12.209320068359375
2024-11-12 16:53:29,721 - app_logger - INFO - ¡¾train¡¿1/20 520/20140 loss:14.64726448059082
2024-11-12 16:53:37,887 - app_logger - INFO - ¡¾train¡¿1/20 521/20140 loss:19.044376373291016
2024-11-12 16:53:46,027 - app_logger - INFO - ¡¾train¡¿1/20 522/20140 loss:13.64881706237793
2024-11-12 16:53:54,173 - app_logger - INFO - ¡¾train¡¿1/20 523/20140 loss:9.73340892791748
2024-11-12 16:54:02,437 - app_logger - INFO - ¡¾train¡¿1/20 524/20140 loss:19.233610153198242
2024-11-12 16:54:10,783 - app_logger - INFO - ¡¾train¡¿1/20 525/20140 loss:12.336845397949219
2024-11-12 16:54:18,911 - app_logger - INFO - ¡¾train¡¿1/20 526/20140 loss:13.648844718933105
2024-11-12 16:54:27,220 - app_logger - INFO - ¡¾train¡¿1/20 527/20140 loss:21.002347946166992
2024-11-12 16:54:35,432 - app_logger - INFO - ¡¾train¡¿1/20 528/20140 loss:16.278451919555664
2024-11-12 16:54:43,667 - app_logger - INFO - ¡¾train¡¿1/20 529/20140 loss:13.605097770690918
2024-11-12 16:54:52,030 - app_logger - INFO - ¡¾train¡¿1/20 530/20140 loss:20.845718383789062
2024-11-12 16:55:00,357 - app_logger - INFO - ¡¾train¡¿1/20 531/20140 loss:19.729896545410156
2024-11-12 16:55:08,714 - app_logger - INFO - ¡¾train¡¿1/20 532/20140 loss:10.761238098144531
2024-11-12 16:55:16,996 - app_logger - INFO - ¡¾train¡¿1/20 533/20140 loss:12.045130729675293
2024-11-12 16:55:25,103 - app_logger - INFO - ¡¾train¡¿1/20 534/20140 loss:13.743619918823242
2024-11-12 16:55:33,470 - app_logger - INFO - ¡¾train¡¿1/20 535/20140 loss:12.951704025268555
2024-11-12 16:55:41,579 - app_logger - INFO - ¡¾train¡¿1/20 536/20140 loss:10.689735412597656
2024-11-12 16:55:52,160 - app_logger - INFO - ¡¾train¡¿1/20 537/20140 loss:14.26624870300293
2024-11-12 16:56:02,661 - app_logger - INFO - ¡¾train¡¿1/20 538/20140 loss:16.81277847290039
2024-11-12 16:56:13,204 - app_logger - INFO - ¡¾train¡¿1/20 539/20140 loss:10.722614288330078
2024-11-12 16:56:23,520 - app_logger - INFO - ¡¾train¡¿1/20 540/20140 loss:16.835325241088867
2024-11-12 16:56:31,781 - app_logger - INFO - ¡¾train¡¿1/20 541/20140 loss:18.850791931152344
2024-11-12 16:56:40,124 - app_logger - INFO - ¡¾train¡¿1/20 542/20140 loss:16.86590003967285
2024-11-12 16:56:48,439 - app_logger - INFO - ¡¾train¡¿1/20 543/20140 loss:8.522205352783203
2024-11-12 16:56:56,749 - app_logger - INFO - ¡¾train¡¿1/20 544/20140 loss:15.412530899047852
2024-11-12 16:57:04,891 - app_logger - INFO - ¡¾train¡¿1/20 545/20140 loss:19.030433654785156
2024-11-12 16:57:13,144 - app_logger - INFO - ¡¾train¡¿1/20 546/20140 loss:18.191150665283203
2024-11-12 16:57:21,395 - app_logger - INFO - ¡¾train¡¿1/20 547/20140 loss:12.21099853515625
2024-11-12 16:57:29,732 - app_logger - INFO - ¡¾train¡¿1/20 548/20140 loss:14.355194091796875
2024-11-12 16:57:38,022 - app_logger - INFO - ¡¾train¡¿1/20 549/20140 loss:7.933389186859131
2024-11-12 16:57:46,705 - app_logger - INFO - ¡¾train¡¿1/20 550/20140 loss:15.230128288269043
2024-11-12 16:57:55,726 - app_logger - INFO - ¡¾train¡¿1/20 551/20140 loss:10.700660705566406
2024-11-12 16:58:04,822 - app_logger - INFO - ¡¾train¡¿1/20 552/20140 loss:18.981094360351562
2024-11-12 16:58:13,641 - app_logger - INFO - ¡¾train¡¿1/20 553/20140 loss:14.452052116394043
2024-11-12 16:58:23,044 - app_logger - INFO - ¡¾train¡¿1/20 554/20140 loss:12.063865661621094
2024-11-12 16:58:32,246 - app_logger - INFO - ¡¾train¡¿1/20 555/20140 loss:15.362037658691406
2024-11-12 16:58:41,767 - app_logger - INFO - ¡¾train¡¿1/20 556/20140 loss:20.368011474609375
2024-11-12 16:58:51,230 - app_logger - INFO - ¡¾train¡¿1/20 557/20140 loss:14.557785034179688
2024-11-12 16:59:00,718 - app_logger - INFO - ¡¾train¡¿1/20 558/20140 loss:13.524699211120605
2024-11-12 16:59:10,003 - app_logger - INFO - ¡¾train¡¿1/20 559/20140 loss:15.701213836669922
2024-11-12 16:59:19,417 - app_logger - INFO - ¡¾train¡¿1/20 560/20140 loss:10.598252296447754
2024-11-12 16:59:28,931 - app_logger - INFO - ¡¾train¡¿1/20 561/20140 loss:15.68121337890625
2024-11-12 16:59:38,133 - app_logger - INFO - ¡¾train¡¿1/20 562/20140 loss:11.157076835632324
2024-11-12 16:59:47,464 - app_logger - INFO - ¡¾train¡¿1/20 563/20140 loss:17.88675308227539
2024-11-12 16:59:56,729 - app_logger - INFO - ¡¾train¡¿1/20 564/20140 loss:20.728626251220703
2024-11-12 17:00:06,254 - app_logger - INFO - ¡¾train¡¿1/20 565/20140 loss:17.86583709716797
2024-11-12 17:00:15,897 - app_logger - INFO - ¡¾train¡¿1/20 566/20140 loss:17.642040252685547
2024-11-12 17:00:25,279 - app_logger - INFO - ¡¾train¡¿1/20 567/20140 loss:14.09211540222168
2024-11-12 17:00:34,732 - app_logger - INFO - ¡¾train¡¿1/20 568/20140 loss:15.138914108276367
2024-11-12 17:00:44,262 - app_logger - INFO - ¡¾train¡¿1/20 569/20140 loss:12.594223022460938
2024-11-12 17:00:53,919 - app_logger - INFO - ¡¾train¡¿1/20 570/20140 loss:11.091178894042969
2024-11-12 17:01:06,478 - app_logger - INFO - ¡¾train¡¿1/20 571/20140 loss:11.557727813720703
2024-11-12 17:01:23,953 - app_logger - INFO - ¡¾train¡¿1/20 572/20140 loss:13.104357719421387
2024-11-12 17:01:40,161 - app_logger - INFO - ¡¾train¡¿1/20 573/20140 loss:12.249967575073242
2024-11-12 17:01:53,954 - app_logger - INFO - ¡¾train¡¿1/20 574/20140 loss:14.653796195983887
2024-11-12 17:02:08,369 - app_logger - INFO - ¡¾train¡¿1/20 575/20140 loss:21.707172393798828
2024-11-12 17:02:22,798 - app_logger - INFO - ¡¾train¡¿1/20 576/20140 loss:14.525993347167969
2024-11-12 17:02:35,364 - app_logger - INFO - ¡¾train¡¿1/20 577/20140 loss:18.81549072265625
2024-11-12 17:02:47,491 - app_logger - INFO - ¡¾train¡¿1/20 578/20140 loss:14.780730247497559
2024-11-12 17:02:56,772 - app_logger - INFO - ¡¾train¡¿1/20 579/20140 loss:17.65890884399414
2024-11-12 17:03:06,355 - app_logger - INFO - ¡¾train¡¿1/20 580/20140 loss:11.639175415039062
2024-11-12 17:03:15,817 - app_logger - INFO - ¡¾train¡¿1/20 581/20140 loss:16.54620361328125
2024-11-12 17:03:25,379 - app_logger - INFO - ¡¾train¡¿1/20 582/20140 loss:11.454536437988281
2024-11-12 17:03:34,549 - app_logger - INFO - ¡¾train¡¿1/20 583/20140 loss:9.63360595703125
2024-11-12 17:03:44,052 - app_logger - INFO - ¡¾train¡¿1/20 584/20140 loss:11.638212203979492
2024-11-12 17:03:53,608 - app_logger - INFO - ¡¾train¡¿1/20 585/20140 loss:8.259754180908203
2024-11-12 17:04:02,926 - app_logger - INFO - ¡¾train¡¿1/20 586/20140 loss:15.036699295043945
2024-11-12 17:04:12,183 - app_logger - INFO - ¡¾train¡¿1/20 587/20140 loss:9.46497631072998
2024-11-12 17:04:21,684 - app_logger - INFO - ¡¾train¡¿1/20 588/20140 loss:12.374285697937012
2024-11-12 17:04:31,052 - app_logger - INFO - ¡¾train¡¿1/20 589/20140 loss:16.91364097595215
2024-11-12 17:04:40,262 - app_logger - INFO - ¡¾train¡¿1/20 590/20140 loss:11.267748832702637
2024-11-12 17:04:49,808 - app_logger - INFO - ¡¾train¡¿1/20 591/20140 loss:23.935165405273438
2024-11-12 17:04:58,730 - app_logger - INFO - ¡¾train¡¿1/20 592/20140 loss:15.926094055175781
2024-11-19 16:17:20,836 - app_logger - INFO - Using device: cpu
2024-11-21 17:14:27,467 - app_logger - INFO - Train data path: D:\Files\OneDrive\Codes\PyCharmProjects\NLP_exp_2\data\ori_data\test.json
2024-11-21 17:14:27,471 - app_logger - INFO - Train data size: 2837
2024-11-21 17:16:37,309 - app_logger - INFO - Train data path: D:\Files\OneDrive\Codes\PyCharmProjects\NLP_exp_2\data\ori_data\test.json
2024-11-21 17:16:37,312 - app_logger - INFO - Train data size: 2837
2024-11-21 17:46:17,562 - app_logger - INFO - Train data path: D:\Files\OneDrive\Codes\PyCharmProjects\NLP_exp_2\data\ori_data\test.json
2024-11-21 17:46:17,564 - app_logger - INFO - Train data size: 2837
2024-11-21 17:48:42,917 - app_logger - INFO - Train data path: D:\Files\OneDrive\Codes\PyCharmProjects\NLP_exp_2\data\ori_data\test.json
2024-11-21 17:48:42,922 - app_logger - INFO - Train data size: 2837
2024-11-21 17:49:10,067 - app_logger - INFO - Train data path: D:\Files\OneDrive\Codes\PyCharmProjects\NLP_exp_2\data\ori_data\test.json
2024-11-21 17:49:10,072 - app_logger - INFO - Train data size: 2837
2024-11-21 17:49:26,523 - app_logger - INFO - Train data path: D:\Files\OneDrive\Codes\PyCharmProjects\NLP_exp_2\data\ori_data\test.json
2024-11-21 17:49:26,527 - app_logger - INFO - Train data size: 2837
2024-11-21 18:53:55,967 - app_logger - INFO - Train data path: D:\Files\OneDrive\Codes\PyCharmProjects\NLP_exp_2\data\ori_data\test.json
2024-11-21 18:53:55,972 - app_logger - INFO - Train data size: 2837
2024-11-22 10:10:11,562 - app_logger - INFO - Train data path: D:\Files\OneDrive\Codes\PyCharmProjects\NLP_exp_2\data\ori_data\test.json
2024-11-22 10:10:11,569 - app_logger - INFO - Train data size: 2837
2024-11-22 10:10:54,775 - app_logger - INFO - Train data path: D:\Files\OneDrive\Codes\PyCharmProjects\NLP_exp_2\data\ori_data\test.json
2024-11-22 10:10:54,778 - app_logger - INFO - Train data size: 2837
2024-11-22 10:14:11,190 - app_logger - INFO - Train data path: D:\Files\OneDrive\Codes\PyCharmProjects\NLP_exp_2\data\ori_data\test.json
2024-11-22 10:14:11,195 - app_logger - INFO - Train data size: 2837
2024-11-22 10:17:21,292 - app_logger - INFO - Train data path: D:\Files\OneDrive\Codes\PyCharmProjects\NLP_exp_2\data\ori_data\test.json
2024-11-22 10:17:21,297 - app_logger - INFO - Train data size: 2837
2024-11-22 10:19:15,064 - app_logger - INFO - Train data path: D:\Files\OneDrive\Codes\PyCharmProjects\NLP_exp_2\data\ori_data\test.json
2024-11-22 10:19:15,071 - app_logger - INFO - Train data size: 2837
2024-11-22 10:21:15,990 - app_logger - INFO - Train data path: D:\Files\OneDrive\Codes\PyCharmProjects\NLP_exp_2\data\ori_data\test.json
2024-11-22 10:21:15,995 - app_logger - INFO - Train data size: 2837
2024-11-22 10:22:23,320 - app_logger - INFO - Train data path: D:\Files\OneDrive\Codes\PyCharmProjects\NLP_exp_2\data\ori_data\test.json
2024-11-22 10:22:23,324 - app_logger - INFO - Train data size: 2837
2024-11-22 10:23:22,851 - app_logger - INFO - Train data path: D:\Files\OneDrive\Codes\PyCharmProjects\NLP_exp_2\data\ori_data\test.json
2024-11-22 10:23:22,855 - app_logger - INFO - Train data size: 2837
2024-11-22 10:31:42,161 - app_logger - INFO - Train data path: D:\Files\OneDrive\Codes\PyCharmProjects\NLP_exp_2\data\ori_data\test.json
2024-11-22 10:31:42,166 - app_logger - INFO - Train data size: 2837
2024-11-22 10:32:17,654 - app_logger - INFO - Train data path: D:\Files\OneDrive\Codes\PyCharmProjects\NLP_exp_2\data\ori_data\test.json
2024-11-22 10:32:17,656 - app_logger - INFO - Train data size: 2837
2024-11-22 10:33:00,803 - app_logger - INFO - Train data path: D:\Files\OneDrive\Codes\PyCharmProjects\NLP_exp_2\data\ori_data\test.json
2024-11-22 10:33:00,806 - app_logger - INFO - Train data size: 2837
2024-11-22 10:34:57,336 - app_logger - INFO - Train data path: D:\Files\OneDrive\Codes\PyCharmProjects\NLP_exp_2\data\ori_data\test.json
2024-11-22 10:34:57,339 - app_logger - INFO - Train data size: 2837
2024-11-22 10:35:39,659 - app_logger - INFO - Train data path: D:\Files\OneDrive\Codes\PyCharmProjects\NLP_exp_2\data\ori_data\test.json
2024-11-22 10:35:39,663 - app_logger - INFO - Train data size: 2837
2024-11-22 10:36:54,359 - app_logger - INFO - Train data path: D:\Files\OneDrive\Codes\PyCharmProjects\NLP_exp_2\data\ori_data\test.json
2024-11-22 10:36:54,362 - app_logger - INFO - Train data size: 2837
2024-11-22 10:37:25,816 - app_logger - INFO - Train data path: D:\Files\OneDrive\Codes\PyCharmProjects\NLP_exp_2\data\ori_data\test.json
2024-11-22 10:37:25,819 - app_logger - INFO - Train data size: 2837
2024-11-22 10:37:59,614 - app_logger - INFO - Train data path: D:\Files\OneDrive\Codes\PyCharmProjects\NLP_exp_2\data\ori_data\test.json
2024-11-22 10:37:59,617 - app_logger - INFO - Train data size: 2837
2024-11-22 10:41:05,963 - app_logger - INFO - Train data path: D:\Files\OneDrive\Codes\PyCharmProjects\NLP_exp_2\data\ori_data\test.json
2024-11-22 10:41:05,965 - app_logger - INFO - Train data size: 2837
2024-11-22 10:53:35,210 - app_logger - INFO - Train data path: D:\Files\OneDrive\Codes\PyCharmProjects\NLP_exp_2\data\ori_data\test.json
2024-11-22 10:53:35,216 - app_logger - INFO - Train data size: 2837
2024-11-22 10:54:05,029 - app_logger - INFO - Processed 100 samples.
2024-11-22 10:54:34,972 - app_logger - INFO - Processed 200 samples.
2024-11-22 10:55:05,187 - app_logger - INFO - Processed 300 samples.
2024-11-22 10:55:37,336 - app_logger - INFO - Processed 400 samples.
2024-11-22 10:56:06,832 - app_logger - INFO - Processed 500 samples.
2024-11-22 10:56:36,380 - app_logger - INFO - Processed 600 samples.
2024-11-22 10:57:05,717 - app_logger - INFO - Processed 700 samples.
2024-11-22 10:57:35,143 - app_logger - INFO - Processed 800 samples.
2024-11-22 10:58:04,935 - app_logger - INFO - Processed 900 samples.
2024-11-22 10:58:34,685 - app_logger - INFO - Processed 1000 samples.
2024-11-22 10:59:04,259 - app_logger - INFO - Processed 1100 samples.
2024-11-22 10:59:37,390 - app_logger - INFO - Processed 1200 samples.
2024-11-22 11:00:07,502 - app_logger - INFO - Processed 1300 samples.
2024-11-22 11:00:36,814 - app_logger - INFO - Processed 1400 samples.
2024-11-22 11:01:06,230 - app_logger - INFO - Processed 1500 samples.
2024-11-22 11:01:35,711 - app_logger - INFO - Processed 1600 samples.
2024-11-22 11:02:04,826 - app_logger - INFO - Processed 1700 samples.
2024-11-22 11:02:33,924 - app_logger - INFO - Processed 1800 samples.
2024-11-22 11:03:03,038 - app_logger - INFO - Processed 1900 samples.
2024-11-22 11:03:32,152 - app_logger - INFO - Processed 2000 samples.
2024-11-22 11:04:01,525 - app_logger - INFO - Processed 2100 samples.
2024-11-22 11:04:30,771 - app_logger - INFO - Processed 2200 samples.
2024-11-22 11:04:58,683 - app_logger - INFO - Processed 2300 samples.
2024-11-22 11:05:26,998 - app_logger - INFO - Processed 2400 samples.
2024-11-22 11:05:55,045 - app_logger - INFO - Processed 2500 samples.
2024-11-22 11:06:23,349 - app_logger - INFO - Processed 2600 samples.
2024-11-22 11:06:51,236 - app_logger - INFO - Processed 2700 samples.
2024-11-22 11:07:19,133 - app_logger - INFO - Processed 2800 samples.
2024-11-22 11:14:56,681 - app_logger - INFO - Train data path: D:\Files\OneDrive\Codes\PyCharmProjects\NLP_exp_2\data\ori_data\test.json
2024-11-22 11:14:56,684 - app_logger - INFO - Train data size: 2837
2024-11-22 11:15:24,319 - app_logger - INFO - Processed 100 samples.
2024-11-22 11:15:51,441 - app_logger - INFO - Processed 200 samples.
2024-11-22 11:16:18,751 - app_logger - INFO - Processed 300 samples.
2024-11-22 11:16:46,169 - app_logger - INFO - Processed 400 samples.
2024-11-22 11:17:13,282 - app_logger - INFO - Processed 500 samples.
2024-11-22 11:17:40,932 - app_logger - INFO - Processed 600 samples.
2024-11-22 11:18:07,655 - app_logger - INFO - Processed 700 samples.
2024-11-22 11:18:33,899 - app_logger - INFO - Processed 800 samples.
2024-11-22 11:19:00,199 - app_logger - INFO - Processed 900 samples.
2024-11-22 11:19:26,504 - app_logger - INFO - Processed 1000 samples.
2024-11-22 11:19:52,741 - app_logger - INFO - Processed 1100 samples.
2024-11-22 11:20:19,015 - app_logger - INFO - Processed 1200 samples.
2024-11-22 11:20:45,244 - app_logger - INFO - Processed 1300 samples.
2024-11-22 11:21:11,794 - app_logger - INFO - Processed 1400 samples.
2024-11-22 11:21:38,445 - app_logger - INFO - Processed 1500 samples.
2024-11-22 11:22:04,782 - app_logger - INFO - Processed 1600 samples.
2024-11-22 11:22:30,996 - app_logger - INFO - Processed 1700 samples.
2024-11-22 11:23:02,061 - app_logger - INFO - Processed 1800 samples.
2024-11-22 11:23:29,887 - app_logger - INFO - Processed 1900 samples.
2024-11-22 11:23:56,550 - app_logger - INFO - Processed 2000 samples.
2024-11-22 11:24:24,159 - app_logger - INFO - Processed 2100 samples.
2024-11-22 11:24:50,788 - app_logger - INFO - Processed 2200 samples.
2024-11-22 11:25:17,211 - app_logger - INFO - Processed 2300 samples.
2024-11-22 11:25:43,530 - app_logger - INFO - Processed 2400 samples.
2024-11-22 11:26:09,865 - app_logger - INFO - Processed 2500 samples.
2024-11-22 11:26:36,325 - app_logger - INFO - Processed 2600 samples.
2024-11-22 11:27:03,351 - app_logger - INFO - Processed 2700 samples.
2024-11-22 11:27:32,654 - app_logger - INFO - Processed 2800 samples.
2024-11-22 11:37:23,891 - app_logger - INFO - Train data path: D:\Files\OneDrive\Codes\PyCharmProjects\NLP_exp_2\data\ori_data\test.json
2024-11-22 11:37:23,894 - app_logger - INFO - Train data size: 2837
2024-11-22 11:38:26,432 - app_logger - INFO - Train data path: D:\Files\OneDrive\Codes\PyCharmProjects\NLP_exp_2\data\ori_data\test.json
2024-11-22 11:38:26,434 - app_logger - INFO - Train data size: 2837
2024-11-22 11:38:54,221 - app_logger - INFO - Processed 100 samples.
2024-11-22 11:39:22,049 - app_logger - INFO - Processed 200 samples.
2024-11-22 11:39:49,882 - app_logger - INFO - Processed 300 samples.
2024-11-22 11:40:17,569 - app_logger - INFO - Processed 400 samples.
2024-11-22 11:40:45,235 - app_logger - INFO - Processed 500 samples.
2024-11-22 11:41:12,902 - app_logger - INFO - Processed 600 samples.
2024-11-22 11:41:40,666 - app_logger - INFO - Processed 700 samples.
2024-11-22 11:42:08,300 - app_logger - INFO - Processed 800 samples.
2024-11-22 11:42:36,155 - app_logger - INFO - Processed 900 samples.
2024-11-22 11:43:03,765 - app_logger - INFO - Processed 1000 samples.
2024-11-22 11:43:31,520 - app_logger - INFO - Processed 1100 samples.
2024-11-22 11:43:59,093 - app_logger - INFO - Processed 1200 samples.
2024-11-22 11:44:26,633 - app_logger - INFO - Processed 1300 samples.
2024-11-22 11:44:54,182 - app_logger - INFO - Processed 1400 samples.
2024-11-22 11:45:21,926 - app_logger - INFO - Processed 1500 samples.
2024-11-22 11:45:49,598 - app_logger - INFO - Processed 1600 samples.
2024-11-22 11:46:17,323 - app_logger - INFO - Processed 1700 samples.
2024-11-22 11:46:46,580 - app_logger - INFO - Processed 1800 samples.
2024-11-22 11:47:16,104 - app_logger - INFO - Processed 1900 samples.
2024-11-22 11:47:44,077 - app_logger - INFO - Processed 2000 samples.
2024-11-22 11:48:11,660 - app_logger - INFO - Processed 2100 samples.
2024-11-22 11:48:39,879 - app_logger - INFO - Processed 2200 samples.
2024-11-22 11:49:09,196 - app_logger - INFO - Processed 2300 samples.
2024-11-22 11:49:38,986 - app_logger - INFO - Processed 2400 samples.
2024-11-22 11:50:07,956 - app_logger - INFO - Processed 2500 samples.
2024-11-22 11:50:36,798 - app_logger - INFO - Processed 2600 samples.
2024-11-22 11:51:06,934 - app_logger - INFO - Processed 2700 samples.
2024-11-22 11:51:35,898 - app_logger - INFO - Processed 2800 samples.
